DEBUG	

CldProvisioning (SDK empty)
ServerRegion (enum: api, api-eu, api-ap)
ProductEnvironments (SDK empty)
GetProductEnvironmentsRequest (enabled: boolean, ids: array, cloud_names: array ...)
ProductEnvironmentsResponse (sub_accounts: array)
  ProductEnvironment (cloud_name: string, name: string, enabled: boolean ...)
    ApiAccessKey (key: string, secret: string, enabled: boolean)
ErrorResponse (error)
 Error (message: string)
Security (provisioning_api_key: string, provisioning_api_secret: string)
ProductEnvironmentRequest (name: string, cloud_name: string, base_sub_account_id: string ...)
 CustomAttributes (empty)
GetProductEnvironmentRequest (sub_account_id: string)
UpdateProductEnvironmentRequest (sub_account_id: string, ProductEnvironmentUpdateRequest: ProductEnvironmentUpdateRequest)
 ProductEnvironmentUpdateRequest (name: string, cloud_name: string, custom_attributes: class ...)
  ProductEnvironmentUpdateRequestCustomAttributes (empty)
DeleteProductEnvironmentRequest (sub_account_id: string)
SuccessResponse (message: string)
DeleteProductEnvironmentGlobals (account_id: string)
AccessKeys (SDK empty)
GetAccessKeysRequest (sub_account_id: string, page_size: integer, page: integer ...)
 SortBy (enum: api_key, created_at, name ...)
 SortOrder (enum: desc, asc)
AccessKeysResponse (access_keys: array, total: integer)
  AccessKey (name: string, api_key: string, api_secret: string ...)
GenerateAccessKeyRequest (sub_account_id: string, AccessKeyRequest: AccessKeyRequest)
 AccessKeyRequest (name: string, enabled: boolean)
DeleteAccessKeyByNameRequest (sub_account_id: string, name: string)
UpdateAccessKeyRequest (sub_account_id: string, key: string, AccessKeyUpdateRequest: AccessKeyUpdateRequest)
 AccessKeyUpdateRequest (name: string, enabled: boolean, dedicated_for: enum)
  DedicatedFor (enum: webhooks)
DeleteAccessKeyRequest (sub_account_id: string, key: string)
Users (SDK empty)
GetUsersRequest (pending: boolean, ids: array, emails: array ...)
 UnionType (enum: include, exclude)
 QueryParamSortOrder (enum: desc, asc)
 QueryParamSortBy (enum: name, role, status ...)
UsersResponse (users: array)
  User (id: string, name: string, first_name: string ...)
   EmailPreferences (empty)
CreateUserRequestBody (name: string, email: string, role: enum ...)
 CreateUserRole (enum: master_admin, admin, billing ...)
GetUserRequest (user_id: string)
UpdateUserRequest (user_id: string, UserRequest: UserRequest)
 UserRequest (name: string, email: string, role: enum ...)
  UserRequestRole (enum: master_admin, admin, billing ...)
DeleteUserRequest (user_id: string)
GetGroupsForUserRequest (user_id: string)
UserGroupsListResponse (groups: array)
  UserGroupSummary (id: string, name: string)
GetSubAccountsForUserRequest (user_id: string)
UserSubAccountsResponse (sub_accounts: array)
  SubAccountSummary (id: string, name: string, description: string ...)
UserGroups (SDK empty)
GetUserGroupsRequest (extended_details: boolean)
UserGroupsResponse (user_groups: array)
  UserGroup (id: string, name: string, users: array ...)
    UserGroupUser (id: string, name: string, email: string)
UserGroupRequest (name: string, extended_details: boolean)
GetUserGroupRequest (group_id: string, extended_details: boolean)
UpdateUserGroupRequest (group_id: string, UserGroupRequest: UserGroupRequest)
DeleteUserGroupRequest (group_id: string)
GetUsersInUserGroupRequest (group_id: string)
UserGroupUsersResponse (users: array)
AddUserToUserGroupRequest (group_id: string, user_id: string)
RemoveUserFromUserGroupRequest (group_id: string, user_id: string)
BillingUsage (SDK empty)
GetBillingUsageRequest (year: int32, include_prodenv_breakdown: boolean)
 BillingUsageResponse (plan_name: string, metric_usage: array)
   MetricUsage (metric: string, limit: number, cycles: array ...)
     Cycles (from_day: date, to_day: date, usage: number ...)
      Breakdown (storage_image: number, storage_video: number, storage_raw: number ...)
       CloudAssetTypeBreakdown (storage_image: number, storage_video: number, storage_raw: number ...)
     MonthlyCycles (from_day: date, to_day: date, usage: number ...)
      BillingUsageResponseBreakdown (storage_image: number, storage_video: number, storage_raw: number ...)
Public (SDK empty)
SystemRolesAndPoliciesCatalogResponse (catalog: class)
 Catalog (empty)
ValidateCedarPolicyRequest (policy: string)
ValidateCedarPolicyResponse (valid: boolean, errors: array)
  CedarError (cedar_message: string, cedar_code: string)
CedarSchemaResponse (schema: class)
 Schema (empty)
SystemPolicies (SDK empty)
GetSystemPoliciesRequest (permission_type: PermissionTypeEnum, scope_type: ScopeTypeEnum)
 PermissionTypeEnum (enum: global, content)
 ScopeTypeEnum (enum: account, prodenv)
SystemPoliciesResponse (data: array, next_cursor: string)
  SystemPolicyResponseData (id: string, name: string, description: string ...)
PermissionsErrorResponse (error)
 PermissionsError (category: string, code: string, message: string ...)
  Details (empty)
CustomPolicies (SDK empty)
GetCustomPoliciesRequest (scope_type: ScopeTypeEnum, scope_id: string, enabled: boolean ...)
CustomPoliciesResponse (data: array, next_cursor: string)
  CustomPolicyResponseData (id: string, policy_statement: string, description: string ...)
CustomPolicy (policy_statement: string, description: string, scope_type: ScopeTypeEnum ...)
CustomPolicyResponse (data: CustomPolicyResponseData)
GetCustomPolicyRequest (policy_id: string)
UpdateCustomPolicyRequest (policy_id: string, UpdateCustomPolicy: UpdateCustomPolicy)
 UpdateCustomPolicy (policy_statement: string, description: string, scope_type: ScopeTypeEnum ...)
DeleteCustomPolicyRequest (policy_id: string)
EffectivePolicies (SDK empty)
GetEffectivePoliciesRequest (scope_type: ScopeTypeEnum, scope_id: string, principal_type: PrincipalTypeEnum ...)
 PrincipalTypeEnum (enum: user, group, apiKey ...)
EffectivePoliciesResponse (data: class)
 Data (principals: array, custom_policies: array)
   PrincipalRole (principal_type: string, principal_id: string, roles: array)
     EffectiveRole (id: string, system_policies: array)
       EffectivePolicy (id: string, policy_statement: string)
Roles (SDK empty)
GetRolesRequest (scope_type: ScopeTypeEnum, permission_type: PermissionTypeEnum, management_type: ManagementTypeEnum ...)
 ManagementTypeEnum (enum: system, custom)
RolesResponse (data: array)
  RoleResponseData (id: string, name: string, description: string ...)
CreateRole (id: string, permission_type: string, scope_type: ScopeTypeEnum ...)
RoleResponse (data: class)
 RoleResponseData1 (policies: array, id: string, name: string ...)
GetRoleRequest (role_id: string, folder_id: string, asset_id: string ...)
UpdateRoleRequest (role_id: string, Role: Role)
 Role (name: string, description: string, system_policy_ids: array)
DeleteRoleRequest (role_id: string, force: boolean)
GetRolePrincipalsRequest (role_id: string, scope_type: ScopeTypeEnum, scope_id: string ...)
PrincipalsResponse (data: array)
  PrincipalResponseData (id: string, type: PrincipalTypeEnum, role_id: string ...)
   PrincipalResponseDataPolicyParameters (empty)
UpdateRolePrincipalsRequest1 (role_id: string, UpdateRolePrincipalsRequest: UpdateRolePrincipalsRequest)
 UpdateRolePrincipalsRequest (operation: OperationEnum, principals: array)
  OperationEnum (enum: add, remove)
   UpdateRolePrincipal (principal_type: PrincipalTypeEnum, principal_id: string, scope_id: string ...)
    UpdateRolePrincipalPolicyParameters (empty)
Principals (SDK empty)
GetPrincipalRolesRequest (principal_type: PrincipalTypeEnum, principal_id: string, permission_type: PermissionTypeEnum ...)
PrincipalRolesResponse (data: array)
  PrincipalRolesData (id: string, name: string, description: string ...)
   PolicyParameters (empty)
UpdatePrincipalRolesRequest (operation: OperationEnum, principal: Principal, roles: array)
 Principal (type: PrincipalTypeEnum, id: string)
  RoleToManage (id: string, scope_id: string, policy_parameters: class)
   RoleToManagePolicyParameters (empty)
InspectRequest1 (scope_type: ScopeTypeEnum, scope_id: string, principal_type: PrincipalTypeEnum ...)
PrincipalRolesInspectResponse (data: class, next_cursor: string)
 PrincipalRolesInspectResponseData (principals: array)
   PrincipalRolesInspectData (type: PrincipalTypeEnum, id: string, roles: array)
InspectRequest (scope_type: ScopeTypeEnum, scope_id: string, principals: array ...)
 InspectRequestPolicyParameters (empty)
Globals (account_id: string)

